Using pre-set license
Built from '2020.3/staging' branch; Version is '2020.3.3f1 (76626098c1c4) revision 7758432'; Using compiler version '192528614'; Build Type 'Release'
OS: 'Windows 10 Home Single Language; OS build 19042.985; Version 2009; 64bit' Language: 'es' Physical Memory: 8066 MB
BatchMode: 1, IsHumanControllingUs: 0, StartBugReporterOnCrash: 0, Is64bit: 1, IsPro: 0

 COMMAND LINE ARGUMENTS:
C:\Program Files\Unity\Hub\Editor\2020.3.3f1\Editor\Unity.exe
-adb2
-batchMode
-noUpm
-name
AssetImportWorker0
-projectPath
C:/Users/gasri/Documents/GitHub/proyecto-ciencias-aplicadas/pinball
-logFile
Logs/AssetImportWorker0.log
-srvPort
51305
Successfully changed project path to: C:/Users/gasri/Documents/GitHub/proyecto-ciencias-aplicadas/pinball
C:/Users/gasri/Documents/GitHub/proyecto-ciencias-aplicadas/pinball
Using Asset Import Pipeline V2.
Refreshing native plugins compatible for Editor in 40.11 ms, found 0 plugins.
Preloading 0 native plugins for Editor in 0.00 ms.
Initialize engine version: 2020.3.3f1 (76626098c1c4)
[Subsystems] Discovering subsystems at path C:/Program Files/Unity/Hub/Editor/2020.3.3f1/Editor/Data/Resources/UnitySubsystems
[Subsystems] Discovering subsystems at path C:/Users/gasri/Documents/GitHub/proyecto-ciencias-aplicadas/pinball/Assets
GfxDevice: creating device client; threaded=0
Direct3D:
    Version:  Direct3D 11.0 [level 11.1]
    Renderer: NVIDIA GeForce GTX 1050 (ID=0x1c8d)
    Vendor:   
    VRAM:     1977 MB
    Driver:   27.21.14.5749
Initialize mono
Mono path[0] = 'C:/Program Files/Unity/Hub/Editor/2020.3.3f1/Editor/Data/Managed'
Mono path[1] = 'C:/Program Files/Unity/Hub/Editor/2020.3.3f1/Editor/Data/MonoBleedingEdge/lib/mono/unityjit'
Mono config path = 'C:/Program Files/Unity/Hub/Editor/2020.3.3f1/Editor/Data/MonoBleedingEdge/etc'
Using monoOptions --debugger-agent=transport=dt_socket,embedding=1,server=y,suspend=n,address=127.0.0.1:56368
Begin MonoManager ReloadAssembly
Registering precompiled unity dll's ...
Register platform support module: C:/Program Files/Unity/Hub/Editor/2020.3.3f1/Editor/Data/PlaybackEngines/WindowsStandaloneSupport/UnityEditor.WindowsStandalone.Extensions.dll
Registered in 0.002481 seconds.
Native extension for WindowsStandalone target not found
Refreshing native plugins compatible for Editor in 35.59 ms, found 0 plugins.
Preloading 0 native plugins for Editor in 0.00 ms.
Invoked RoslynAnalysisRunner static constructor.
RoslynAnalysisRunner will not be running.
RoslynAnalysisRunner has terminated.
Mono: successfully reloaded assembly
- Completed reload, in  1.309 seconds
Platform modules already initialized, skipping
Registering precompiled user dll's ...
Registered in 0.000846 seconds.
Begin MonoManager ReloadAssembly
Symbol file data-0000020574F04050 doesn't match image C:\Users\gasri\Documents\GitHub\proyecto-ciencias-aplicadas\pinball\Library\ScriptAssemblies\Assembly-CSharp.dll
Symbol file LoadedFromMemory is not a mono symbol file
Native extension for WindowsStandalone target not found
Refreshing native plugins compatible for Editor in 0.28 ms, found 0 plugins.
Preloading 0 native plugins for Editor in 0.00 ms.
Invoked RoslynAnalysisRunner static constructor.
RoslynAnalysisRunner will not be running.
RoslynAnalysisRunner has terminated.
Mono: successfully reloaded assembly
- Completed reload, in  0.911 seconds
Platform modules already initialized, skipping
========================================================================
Worker process is ready to serve import requests
Launched and connected shader compiler UnityShaderCompiler.exe after 0.11 seconds
Refreshing native plugins compatible for Editor in 0.31 ms, found 0 plugins.
Preloading 0 native plugins for Editor in 0.00 ms.
Unloading 1494 Unused Serialized files (Serialized files now loaded: 0)
System memory in use before: 86.3 MB.
System memory in use after: 86.4 MB.

Unloading 67 unused Assets to reduce memory usage. Loaded Objects now: 1950.
Total: 2.474300 ms (FindLiveObjects: 0.270400 ms CreateObjectMapping: 0.066500 ms MarkObjects: 1.983300 ms  DeleteObjects: 0.152400 ms)

========================================================================
Received Import Request.
  path: Assets/Materials/Table.physicMaterial
  artifactKey: Guid(03201e1b54438bf449bd9c166746d084) Importer(815301076,1909f56bfc062723c751e8b465ee728b)
Start importing Assets/Materials/Table.physicMaterial using Guid(03201e1b54438bf449bd9c166746d084) Importer(815301076,1909f56bfc062723c751e8b465ee728b)  -> (artifact id: 'ad8460bd7f1caadf4ee77ce33a577eb9') in 0.045716 seconds
  Import took 0.049953 seconds .

========================================================================
Received Import Request.
  Time since last request: 3.462788 seconds.
  path: Assets/Images/Pinball 3D.png
  artifactKey: Guid(e23556ba68f5cc549b254fa2c8048616) Importer(815301076,1909f56bfc062723c751e8b465ee728b)
Start importing Assets/Images/Pinball 3D.png using Guid(e23556ba68f5cc549b254fa2c8048616) Importer(815301076,1909f56bfc062723c751e8b465ee728b)  -> (artifact id: '37f093e5f0ca7fb5ea11e1fbae7a5642') in 0.106797 seconds
  Import took 0.111235 seconds .

========================================================================
Received Import Request.
  Time since last request: 7267.725447 seconds.
  path: Assets/Scenes
  artifactKey: Guid(c542e764f759add499fe69819443a354) Importer(815301076,1909f56bfc062723c751e8b465ee728b)
Start importing Assets/Scenes using Guid(c542e764f759add499fe69819443a354) Importer(815301076,1909f56bfc062723c751e8b465ee728b)  -> (artifact id: 'dd3002131c382eb45f058ea815aaf64e') in 0.329103 seconds
  Import took 1.384043 seconds .

========================================================================
Received Import Request.
  Time since last request: 0.756099 seconds.
  path: Assets/Scenes/Escena1.unity
  artifactKey: Guid(9fc0d4010bbf28b4594072e72b8655ab) Importer(815301076,1909f56bfc062723c751e8b465ee728b)
Start importing Assets/Scenes/Escena1.unity using Guid(9fc0d4010bbf28b4594072e72b8655ab) Importer(815301076,1909f56bfc062723c751e8b465ee728b)  -> (artifact id: '6eb7ac1e31023307a9d3d20e47e778d2') in 1.307269 seconds
  Import took 1.310092 seconds .

========================================================================
Received Import Request.
  Time since last request: 18.314455 seconds.
  path: Assets/Scenes/Tablero2.unity
  artifactKey: Guid(687c468a5d917e14a96069e5a5a5a157) Importer(815301076,1909f56bfc062723c751e8b465ee728b)
Start importing Assets/Scenes/Tablero2.unity using Guid(687c468a5d917e14a96069e5a5a5a157) Importer(815301076,1909f56bfc062723c751e8b465ee728b)  -> (artifact id: '5e36cb1b3e2b51d710a815f8b86af9f5') in 0.148975 seconds
  Import took 0.170475 seconds .

========================================================================
Received Import Request.
  Time since last request: 56.436214 seconds.
  path: Assets/Objects/Tablero2
  artifactKey: Guid(8210f962a7b79b64c9ef612713518426) Importer(815301076,1909f56bfc062723c751e8b465ee728b)
Start importing Assets/Objects/Tablero2 using Guid(8210f962a7b79b64c9ef612713518426) Importer(815301076,1909f56bfc062723c751e8b465ee728b)  -> (artifact id: '41d364febd94a6673f9256c7e45113ce') in 0.054229 seconds
  Import took 0.066394 seconds .

========================================================================
Received Import Request.
  Time since last request: 11.252313 seconds.
  path: Assets/Objects/Tablero2/tinker.obj
  artifactKey: Guid(3a7d25a6773bc07488f47f88fed693be) Importer(815301076,1909f56bfc062723c751e8b465ee728b)
Start importing Assets/Objects/Tablero2/tinker.obj using Guid(3a7d25a6773bc07488f47f88fed693be) Importer(815301076,1909f56bfc062723c751e8b465ee728b)  -> (artifact id: 'ffd6e539cf55bb5ebe916aebd6b67bb5') in 3.778566 seconds
  Import took 3.782667 seconds .

========================================================================
Received Import Request.
  Time since last request: 469.048806 seconds.
  path: Assets/Objects/Tablero2/tinker 1.obj
  artifactKey: Guid(0ae9667e100d87a46982b455b9813a0b) Importer(815301076,1909f56bfc062723c751e8b465ee728b)
Start importing Assets/Objects/Tablero2/tinker 1.obj using Guid(0ae9667e100d87a46982b455b9813a0b) Importer(815301076,1909f56bfc062723c751e8b465ee728b)  -> (artifact id: 'bbee5ecb73f20a7a10cd8e954e2a687a') in 0.131414 seconds
  Import took 0.136242 seconds .

========================================================================
Received Import Request.
  Time since last request: 1489.561104 seconds.
  path: Assets/Objects/Tablero2/tinker 2.obj
  artifactKey: Guid(e08312f47a6ab2f49861682882fb9b12) Importer(815301076,1909f56bfc062723c751e8b465ee728b)
Start importing Assets/Objects/Tablero2/tinker 2.obj using Guid(e08312f47a6ab2f49861682882fb9b12) Importer(815301076,1909f56bfc062723c751e8b465ee728b)  -> (artifact id: '82fdb06d253d499ea7c2f58b153841b6') in 0.134216 seconds
  Import took 0.137428 seconds .

