Using pre-set license
Built from '2020.3/staging' branch; Version is '2020.3.3f1 (76626098c1c4) revision 7758432'; Using compiler version '192528614'; Build Type 'Release'
OS: 'Windows 10 Home; OS build 19043.1052; Version 2009; 64bit' Language: 'en' Physical Memory: 16235 MB
BatchMode: 1, IsHumanControllingUs: 0, StartBugReporterOnCrash: 0, Is64bit: 1, IsPro: 0

 COMMAND LINE ARGUMENTS:
C:\Program Files\Unity\Editor\Unity.exe
-adb2
-batchMode
-noUpm
-name
AssetImportWorker0
-projectPath
C:/Users/ignac/Documents/GitHub/proyecto-ciencias-aplicadas/pinball
-logFile
Logs/AssetImportWorker0.log
-srvPort
64147
Successfully changed project path to: C:/Users/ignac/Documents/GitHub/proyecto-ciencias-aplicadas/pinball
C:/Users/ignac/Documents/GitHub/proyecto-ciencias-aplicadas/pinball
Using Asset Import Pipeline V2.
Refreshing native plugins compatible for Editor in 32.10 ms, found 0 plugins.
Preloading 0 native plugins for Editor in 0.00 ms.
Initialize engine version: 2020.3.3f1 (76626098c1c4)
[Subsystems] Discovering subsystems at path C:/Program Files/Unity/Editor/Data/Resources/UnitySubsystems
[Subsystems] Discovering subsystems at path C:/Users/ignac/Documents/GitHub/proyecto-ciencias-aplicadas/pinball/Assets
GfxDevice: creating device client; threaded=0
Direct3D:
    Version:  Direct3D 11.0 [level 11.1]
    Renderer: NVIDIA GeForce GTX 1650 (ID=0x1f91)
    Vendor:   
    VRAM:     3962 MB
    Driver:   30.0.14.7111
Initialize mono
Mono path[0] = 'C:/Program Files/Unity/Editor/Data/Managed'
Mono path[1] = 'C:/Program Files/Unity/Editor/Data/MonoBleedingEdge/lib/mono/unityjit'
Mono config path = 'C:/Program Files/Unity/Editor/Data/MonoBleedingEdge/etc'
Using monoOptions --debugger-agent=transport=dt_socket,embedding=1,server=y,suspend=n,address=127.0.0.1:56960
Begin MonoManager ReloadAssembly
Registering precompiled unity dll's ...
Register platform support module: C:/Program Files/Unity/Editor/Data/PlaybackEngines/WindowsStandaloneSupport/UnityEditor.WindowsStandalone.Extensions.dll
Registered in 0.002036 seconds.
Native extension for WindowsStandalone target not found
Refreshing native plugins compatible for Editor in 31.15 ms, found 0 plugins.
Preloading 0 native plugins for Editor in 0.00 ms.
Invoked RoslynAnalysisRunner static constructor.
RoslynAnalysisRunner will not be running.
RoslynAnalysisRunner has terminated.
Mono: successfully reloaded assembly
- Completed reload, in  0.962 seconds
Platform modules already initialized, skipping
Registering precompiled user dll's ...
Registered in 0.000851 seconds.
Begin MonoManager ReloadAssembly
Native extension for WindowsStandalone target not found
Refreshing native plugins compatible for Editor in 0.35 ms, found 0 plugins.
Preloading 0 native plugins for Editor in 0.00 ms.
Invoked RoslynAnalysisRunner static constructor.
RoslynAnalysisRunner will not be running.
RoslynAnalysisRunner has terminated.
Mono: successfully reloaded assembly
- Completed reload, in  0.872 seconds
Platform modules already initialized, skipping
========================================================================
Worker process is ready to serve import requests
Launched and connected shader compiler UnityShaderCompiler.exe after 0.04 seconds
Refreshing native plugins compatible for Editor in 0.59 ms, found 0 plugins.
Preloading 0 native plugins for Editor in 0.00 ms.
Unloading 1582 Unused Serialized files (Serialized files now loaded: 0)
System memory in use before: 91.0 MB.
System memory in use after: 91.0 MB.

Unloading 67 unused Assets to reduce memory usage. Loaded Objects now: 2038.
Total: 3.892700 ms (FindLiveObjects: 0.286500 ms CreateObjectMapping: 0.101300 ms MarkObjects: 3.095600 ms  DeleteObjects: 0.407700 ms)

========================================================================
Received Import Request.
  path: Assets/Scenes/nivel1.unity
  artifactKey: Guid(2c125f8fb425a004cbac4487a5bc49e4) Importer(815301076,1909f56bfc062723c751e8b465ee728b)
Start importing Assets/Scenes/nivel1.unity using Guid(2c125f8fb425a004cbac4487a5bc49e4) Importer(815301076,1909f56bfc062723c751e8b465ee728b)  -> (artifact id: '12731da11e03e79be5f65aa91343c73b') in 0.008570 seconds
  Import took 0.012322 seconds .

========================================================================
Received Prepare
Refreshing native plugins compatible for Editor in 1.93 ms, found 0 plugins.
Preloading 0 native plugins for Editor in 0.00 ms.
Unloading 4 Unused Serialized files (Serialized files now loaded: 0)
System memory in use before: 56.7 MB.
System memory in use after: 56.8 MB.

Unloading 4 unused Assets to reduce memory usage. Loaded Objects now: 2038.
Total: 2.776500 ms (FindLiveObjects: 0.261600 ms CreateObjectMapping: 0.099400 ms MarkObjects: 2.335500 ms  DeleteObjects: 0.078200 ms)

========================================================================
Received Import Request.
  Time since last request: 49.834311 seconds.
  path: Assets/Scenes/nivel3.unity
  artifactKey: Guid(22d17edb71fc7d74a8f022e835f28756) Importer(815301076,1909f56bfc062723c751e8b465ee728b)
Start importing Assets/Scenes/nivel3.unity using Guid(22d17edb71fc7d74a8f022e835f28756) Importer(815301076,1909f56bfc062723c751e8b465ee728b)  -> (artifact id: 'c1f0380adb526d3163362a5e6e44d746') in 0.005049 seconds
  Import took 0.008036 seconds .

========================================================================
Received Import Request.
  Time since last request: 49.408647 seconds.
  path: Assets/Scripts/ballSpeed.cs
  artifactKey: Guid(d887daad7e187a94280f47f03067b173) Importer(815301076,1909f56bfc062723c751e8b465ee728b)
Start importing Assets/Scripts/ballSpeed.cs using Guid(d887daad7e187a94280f47f03067b173) Importer(815301076,1909f56bfc062723c751e8b465ee728b)  -> (artifact id: '1f3f8f1cd70a1630cf4c4fc47e66b95f') in 0.025093 seconds
  Import took 0.027623 seconds .

========================================================================
Received Prepare
Registering precompiled user dll's ...
Registered in 0.001065 seconds.
Begin MonoManager ReloadAssembly
Native extension for WindowsStandalone target not found
Refreshing native plugins compatible for Editor in 0.31 ms, found 0 plugins.
Preloading 0 native plugins for Editor in 0.00 ms.
Warning: Annotation not found!
UnityEngine.StackTraceUtility:ExtractStackTrace ()
UnityEditor.ProBuilder.EditorUtility:SetGizmoIconEnabled (System.Type,bool)
UnityEditor.ProBuilder.HierarchyListener:.cctor ()
System.Runtime.CompilerServices.RuntimeHelpers:RunClassConstructor (System.RuntimeTypeHandle)
UnityEditor.EditorAssemblies:ProcessInitializeOnLoadAttributes (System.Type[])

[C:\buildslave\unity\build\Editor/Src/AnnotationManager.cpp line 229]

Invoked RoslynAnalysisRunner static constructor.
RoslynAnalysisRunner will not be running.
RoslynAnalysisRunner has terminated.
Mono: successfully reloaded assembly
- Completed reload, in  0.975 seconds
Platform modules already initialized, skipping
Refreshing native plugins compatible for Editor in 0.31 ms, found 0 plugins.
Preloading 0 native plugins for Editor in 0.00 ms.
Unloading 1536 Unused Serialized files (Serialized files now loaded: 0)
System memory in use before: 87.4 MB.
System memory in use after: 87.4 MB.

Unloading 6 unused Assets to reduce memory usage. Loaded Objects now: 2041.
Total: 2.161200 ms (FindLiveObjects: 0.156300 ms CreateObjectMapping: 0.051100 ms MarkObjects: 1.866600 ms  DeleteObjects: 0.086100 ms)

AssetImportWorkerClient::OnTransportError - code=2 error=End of file
